2021-05-28 11:07:10,402 [Worker-3: Loading available Gradle versions] INFO  o.e.b.c.i.u.g.PublishedGradleVersions - Gradle version information cache is up-to-date. Trying to read.
2021-05-28 11:09:00,234 [Worker-5: Creating wildfly-javaee7-webapp-archetype] INFO  o.e.m.c.i.p.ProjectConfigurationManager - Collecting project info '/pom.xml' C:\Users\hello\ProjetoExemplo\teste\pom.xml
2021-05-28 11:09:02,037 [Worker-5: Creating wildfly-javaee7-webapp-archetype] INFO  o.e.m.c.i.l.LifecycleMappingFactory - Using org.maven.ide.eclipse.wtp.WarLifecycleMapping lifecycle mapping for MavenProject: teste:teste:0.0.1-SNAPSHOT @ C:\Users\hello\ProjetoExemplo\teste\pom.xml.
2021-05-28 11:09:03,256 [Worker-5: Creating wildfly-javaee7-webapp-archetype] INFO  o.e.m.j.i.AbstractJavaProjectConfigurator - Adding source folder /teste/src/main/java
2021-05-28 11:09:03,257 [Worker-5: Creating wildfly-javaee7-webapp-archetype] INFO  o.e.m.j.i.AbstractJavaProjectConfigurator - Adding resource folder /teste/src/main/resources
2021-05-28 11:09:03,269 [Worker-5: Creating wildfly-javaee7-webapp-archetype] INFO  o.e.m.j.i.AbstractJavaProjectConfigurator - Adding source folder /teste/src/test/java
2021-05-28 11:09:03,270 [Worker-5: Creating wildfly-javaee7-webapp-archetype] INFO  o.e.m.j.i.AbstractJavaProjectConfigurator - Adding resource folder /teste/src/test/resources
2021-05-28 11:09:05,894 [Worker-5: Creating wildfly-javaee7-webapp-archetype] INFO  o.e.m.c.i.embedder.EclipseLogger - Using 'UTF-8' encoding to copy filtered resources.
2021-05-28 11:09:05,910 [Worker-5: Creating wildfly-javaee7-webapp-archetype] INFO  o.e.m.c.i.embedder.EclipseLogger - Copying 2 resources
2021-05-28 11:09:05,942 [Worker-5: Creating wildfly-javaee7-webapp-archetype] INFO  o.e.m.c.i.embedder.EclipseLogger - Using 'UTF-8' encoding to copy filtered resources.
2021-05-28 11:09:05,943 [Worker-5: Creating wildfly-javaee7-webapp-archetype] INFO  o.e.m.c.i.embedder.EclipseLogger - Copying 3 resources
2021-05-28 11:09:10,554 [Worker-5: Creating wildfly-javaee7-webapp-archetype] INFO  o.e.m.c.i.p.ProjectConfigurationManager - Imported and configured 1 project(s) in 10 sec
2021-05-28 11:09:18,410 [Worker-15: Building] INFO  o.e.m.c.i.embedder.EclipseLogger - Using 'UTF-8' encoding to copy filtered resources.
2021-05-28 11:09:18,413 [Worker-15: Building] INFO  o.e.m.c.i.embedder.EclipseLogger - Copying 0 resource
2021-05-28 11:09:18,416 [Worker-15: Building] INFO  o.e.m.c.i.embedder.EclipseLogger - Using 'UTF-8' encoding to copy filtered resources.
2021-05-28 11:09:18,416 [Worker-15: Building] INFO  o.e.m.c.i.embedder.EclipseLogger - Copying 0 resource
2021-05-28 11:09:25,913 [main] INFO  o.e.m2e.actions.ExecutePomAction - Creating new launch configuration
2021-05-28 11:09:36,503 [Worker-15: Launching teste (1)] INFO  o.e.m.i.launch.MavenLaunchDelegate - C:\Users\hello\ProjetoExemplo\teste
2021-05-28 11:09:36,506 [Worker-15: Launching teste (1)] INFO  o.e.m.i.launch.MavenLaunchDelegate -  mvn -B clean package install
2021-05-28 11:10:20,268 [Worker-32: Searching...] INFO  o.e.m.c.i.e.AbstractTransferListenerAdapter - Downloading https://repo.maven.apache.org/maven2/io/takari/m2e/workspace/org.eclipse.m2e.workspace.cli/0.3.1/org.eclipse.m2e.workspace.cli-0.3.1-sources.jar
2021-05-28 11:10:20,577 [Worker-32: Searching...] INFO  o.e.m.c.i.e.AbstractTransferListenerAdapter - Downloaded https://repo.maven.apache.org/maven2/io/takari/m2e/workspace/org.eclipse.m2e.workspace.cli/0.3.1/org.eclipse.m2e.workspace.cli-0.3.1-sources.jar
2021-05-28 11:10:21,269 [Worker-32: Searching...] INFO  o.e.m.c.i.e.AbstractTransferListenerAdapter - Downloading https://repo.maven.apache.org/maven2/org/codehaus/plexus/plexus-classworlds/2.6.0/plexus-classworlds-2.6.0-sources.jar
2021-05-28 11:10:21,580 [Worker-32: Searching...] INFO  o.e.m.c.i.e.AbstractTransferListenerAdapter - Downloaded https://repo.maven.apache.org/maven2/org/codehaus/plexus/plexus-classworlds/2.6.0/plexus-classworlds-2.6.0-sources.jar
2021-05-28 11:10:22,203 [Worker-32: Searching...] INFO  o.e.m.c.i.e.AbstractTransferListenerAdapter - Downloading https://repo.maven.apache.org/maven2/org/apache/maven/maven-core/3.6.3/maven-core-3.6.3-sources.jar
2021-05-28 11:10:23,084 [Worker-32: Searching...] INFO  o.e.m.c.i.e.AbstractTransferListenerAdapter - Downloaded https://repo.maven.apache.org/maven2/org/apache/maven/maven-core/3.6.3/maven-core-3.6.3-sources.jar
2021-05-28 11:10:23,752 [Worker-32: Searching...] INFO  o.e.m.c.i.e.AbstractTransferListenerAdapter - Downloading https://repo.maven.apache.org/maven2/org/apache/maven/maven-model/3.6.3/maven-model-3.6.3-sources.jar
2021-05-28 11:10:24,205 [Worker-32: Searching...] INFO  o.e.m.c.i.e.AbstractTransferListenerAdapter - Downloaded https://repo.maven.apache.org/maven2/org/apache/maven/maven-model/3.6.3/maven-model-3.6.3-sources.jar
2021-05-28 11:10:24,871 [Worker-32: Searching...] INFO  o.e.m.c.i.e.AbstractTransferListenerAdapter - Downloading https://repo.maven.apache.org/maven2/org/apache/maven/maven-settings/3.6.3/maven-settings-3.6.3-sources.jar
2021-05-28 11:10:25,206 [Worker-32: Searching...] INFO  o.e.m.c.i.e.AbstractTransferListenerAdapter - Downloaded https://repo.maven.apache.org/maven2/org/apache/maven/maven-settings/3.6.3/maven-settings-3.6.3-sources.jar
2021-05-28 11:10:25,872 [Worker-32: Searching...] INFO  o.e.m.c.i.e.AbstractTransferListenerAdapter - Downloading https://repo.maven.apache.org/maven2/org/apache/maven/maven-settings-builder/3.6.3/maven-settings-builder-3.6.3-sources.jar
2021-05-28 11:10:26,190 [Worker-32: Searching...] INFO  o.e.m.c.i.e.AbstractTransferListenerAdapter - Downloaded https://repo.maven.apache.org/maven2/org/apache/maven/maven-settings-builder/3.6.3/maven-settings-builder-3.6.3-sources.jar
2021-05-28 11:10:26,875 [Worker-32: Searching...] INFO  o.e.m.c.i.e.AbstractTransferListenerAdapter - Downloading https://repo.maven.apache.org/maven2/org/apache/maven/maven-builder-support/3.6.3/maven-builder-support-3.6.3-sources.jar
2021-05-28 11:10:27,221 [Worker-32: Searching...] INFO  o.e.m.c.i.e.AbstractTransferListenerAdapter - Downloaded https://repo.maven.apache.org/maven2/org/apache/maven/maven-builder-support/3.6.3/maven-builder-support-3.6.3-sources.jar
2021-05-28 11:10:27,894 [Worker-32: Searching...] INFO  o.e.m.c.i.e.AbstractTransferListenerAdapter - Downloading https://repo.maven.apache.org/maven2/org/apache/maven/maven-repository-metadata/3.6.3/maven-repository-metadata-3.6.3-sources.jar
2021-05-28 11:10:28,245 [Worker-32: Searching...] INFO  o.e.m.c.i.e.AbstractTransferListenerAdapter - Downloaded https://repo.maven.apache.org/maven2/org/apache/maven/maven-repository-metadata/3.6.3/maven-repository-metadata-3.6.3-sources.jar
2021-05-28 11:10:28,934 [Worker-32: Searching...] INFO  o.e.m.c.i.e.AbstractTransferListenerAdapter - Downloading https://repo.maven.apache.org/maven2/org/apache/maven/maven-artifact/3.6.3/maven-artifact-3.6.3-sources.jar
2021-05-28 11:10:29,262 [Worker-32: Searching...] INFO  o.e.m.c.i.e.AbstractTransferListenerAdapter - Downloaded https://repo.maven.apache.org/maven2/org/apache/maven/maven-artifact/3.6.3/maven-artifact-3.6.3-sources.jar
2021-05-28 11:10:29,862 [Worker-32: Searching...] INFO  o.e.m.c.i.e.AbstractTransferListenerAdapter - Downloading https://repo.maven.apache.org/maven2/org/apache/maven/maven-plugin-api/3.6.3/maven-plugin-api-3.6.3-sources.jar
2021-05-28 11:10:30,170 [Worker-32: Searching...] INFO  o.e.m.c.i.e.AbstractTransferListenerAdapter - Downloaded https://repo.maven.apache.org/maven2/org/apache/maven/maven-plugin-api/3.6.3/maven-plugin-api-3.6.3-sources.jar
2021-05-28 11:10:30,852 [Worker-32: Searching...] INFO  o.e.m.c.i.e.AbstractTransferListenerAdapter - Downloading https://repo.maven.apache.org/maven2/org/apache/maven/maven-model-builder/3.6.3/maven-model-builder-3.6.3-sources.jar
2021-05-28 11:10:31,369 [Worker-32: Searching...] INFO  o.e.m.c.i.e.AbstractTransferListenerAdapter - Downloaded https://repo.maven.apache.org/maven2/org/apache/maven/maven-model-builder/3.6.3/maven-model-builder-3.6.3-sources.jar
2021-05-28 11:10:31,981 [Worker-32: Searching...] INFO  o.e.m.c.i.e.AbstractTransferListenerAdapter - Downloading https://repo.maven.apache.org/maven2/org/apache/maven/maven-resolver-provider/3.6.3/maven-resolver-provider-3.6.3-sources.jar
2021-05-28 11:10:32,366 [Worker-32: Searching...] INFO  o.e.m.c.i.e.AbstractTransferListenerAdapter - Downloaded https://repo.maven.apache.org/maven2/org/apache/maven/maven-resolver-provider/3.6.3/maven-resolver-provider-3.6.3-sources.jar
2021-05-28 11:10:33,018 [Worker-32: Searching...] INFO  o.e.m.c.i.e.AbstractTransferListenerAdapter - Downloading https://repo.maven.apache.org/maven2/org/apache/maven/resolver/maven-resolver-api/1.4.1/maven-resolver-api-1.4.1-sources.jar
2021-05-28 11:10:33,516 [Worker-32: Searching...] INFO  o.e.m.c.i.e.AbstractTransferListenerAdapter - Downloaded https://repo.maven.apache.org/maven2/org/apache/maven/resolver/maven-resolver-api/1.4.1/maven-resolver-api-1.4.1-sources.jar
2021-05-28 11:10:34,165 [Worker-32: Searching...] INFO  o.e.m.c.i.e.AbstractTransferListenerAdapter - Downloading https://repo.maven.apache.org/maven2/org/apache/maven/resolver/maven-resolver-spi/1.4.1/maven-resolver-spi-1.4.1-sources.jar
2021-05-28 11:10:34,477 [Worker-32: Searching...] INFO  o.e.m.c.i.e.AbstractTransferListenerAdapter - Downloaded https://repo.maven.apache.org/maven2/org/apache/maven/resolver/maven-resolver-spi/1.4.1/maven-resolver-spi-1.4.1-sources.jar
2021-05-28 11:10:35,116 [Worker-32: Searching...] INFO  o.e.m.c.i.e.AbstractTransferListenerAdapter - Downloading https://repo.maven.apache.org/maven2/org/apache/maven/resolver/maven-resolver-util/1.4.1/maven-resolver-util-1.4.1-sources.jar
2021-05-28 11:10:35,575 [Worker-32: Searching...] INFO  o.e.m.c.i.e.AbstractTransferListenerAdapter - Downloaded https://repo.maven.apache.org/maven2/org/apache/maven/resolver/maven-resolver-util/1.4.1/maven-resolver-util-1.4.1-sources.jar
2021-05-28 11:10:36,236 [Worker-32: Searching...] INFO  o.e.m.c.i.e.AbstractTransferListenerAdapter - Downloading https://repo.maven.apache.org/maven2/org/apache/maven/shared/maven-shared-utils/3.2.1/maven-shared-utils-3.2.1-sources.jar
2021-05-28 11:10:36,727 [Worker-32: Searching...] INFO  o.e.m.c.i.e.AbstractTransferListenerAdapter - Downloaded https://repo.maven.apache.org/maven2/org/apache/maven/shared/maven-shared-utils/3.2.1/maven-shared-utils-3.2.1-sources.jar
2021-05-28 11:10:37,344 [Worker-32: Searching...] INFO  o.e.m.c.i.e.AbstractTransferListenerAdapter - Downloading https://repo.maven.apache.org/maven2/commons-io/commons-io/2.5/commons-io-2.5-sources.jar
2021-05-28 11:10:38,000 [Worker-32: Searching...] INFO  o.e.m.c.i.e.AbstractTransferListenerAdapter - Downloaded https://repo.maven.apache.org/maven2/commons-io/commons-io/2.5/commons-io-2.5-sources.jar
2021-05-28 11:10:38,654 [Worker-32: Searching...] INFO  o.e.m.c.i.e.AbstractTransferListenerAdapter - Downloading https://repo.maven.apache.org/maven2/org/codehaus/plexus/plexus-utils/3.2.1/plexus-utils-3.2.1-sources.jar
2021-05-28 11:10:39,257 [Worker-32: Searching...] INFO  o.e.m.c.i.e.AbstractTransferListenerAdapter - Downloaded https://repo.maven.apache.org/maven2/org/codehaus/plexus/plexus-utils/3.2.1/plexus-utils-3.2.1-sources.jar
2021-05-28 11:10:39,869 [Worker-32: Searching...] INFO  o.e.m.c.i.e.AbstractTransferListenerAdapter - Downloading https://repo.maven.apache.org/maven2/org/codehaus/plexus/plexus-component-annotations/2.1.0/plexus-component-annotations-2.1.0-sources.jar
2021-05-28 11:10:40,168 [Worker-32: Searching...] INFO  o.e.m.c.i.e.AbstractTransferListenerAdapter - Downloaded https://repo.maven.apache.org/maven2/org/codehaus/plexus/plexus-component-annotations/2.1.0/plexus-component-annotations-2.1.0-sources.jar
2021-05-28 11:10:40,823 [Worker-32: Searching...] INFO  o.e.m.c.i.e.AbstractTransferListenerAdapter - Downloading https://repo.maven.apache.org/maven2/org/apache/commons/commons-lang3/3.8.1/commons-lang3-3.8.1-sources.jar
2021-05-28 11:10:41,727 [Worker-32: Searching...] INFO  o.e.m.c.i.e.AbstractTransferListenerAdapter - Downloaded https://repo.maven.apache.org/maven2/org/apache/commons/commons-lang3/3.8.1/commons-lang3-3.8.1-sources.jar
2021-05-28 11:10:42,327 [Worker-32: Searching...] INFO  o.e.m.c.i.e.AbstractTransferListenerAdapter - Downloading https://repo.maven.apache.org/maven2/org/apache/maven/maven-embedder/3.6.3/maven-embedder-3.6.3-sources.jar
2021-05-28 11:10:42,682 [Worker-32: Searching...] INFO  o.e.m.c.i.e.AbstractTransferListenerAdapter - Downloaded https://repo.maven.apache.org/maven2/org/apache/maven/maven-embedder/3.6.3/maven-embedder-3.6.3-sources.jar
2021-05-28 11:10:43,297 [Worker-32: Searching...] INFO  o.e.m.c.i.e.AbstractTransferListenerAdapter - Downloading https://repo.maven.apache.org/maven2/org/sonatype/plexus/plexus-sec-dispatcher/1.4/plexus-sec-dispatcher-1.4-sources.jar
2021-05-28 11:10:43,608 [Worker-32: Searching...] INFO  o.e.m.c.i.e.AbstractTransferListenerAdapter - Downloaded https://repo.maven.apache.org/maven2/org/sonatype/plexus/plexus-sec-dispatcher/1.4/plexus-sec-dispatcher-1.4-sources.jar
2021-05-28 11:10:44,260 [Worker-32: Searching...] INFO  o.e.m.c.i.e.AbstractTransferListenerAdapter - Downloading https://repo.maven.apache.org/maven2/org/sonatype/plexus/plexus-cipher/1.7/plexus-cipher-1.7-sources.jar
2021-05-28 11:10:44,639 [Worker-32: Searching...] INFO  o.e.m.c.i.e.AbstractTransferListenerAdapter - Downloaded https://repo.maven.apache.org/maven2/org/sonatype/plexus/plexus-cipher/1.7/plexus-cipher-1.7-sources.jar
2021-05-28 11:10:45,246 [Worker-32: Searching...] INFO  o.e.m.c.i.e.AbstractTransferListenerAdapter - Downloading https://repo.maven.apache.org/maven2/commons-cli/commons-cli/1.4/commons-cli-1.4-sources.jar
2021-05-28 11:10:45,591 [Worker-32: Searching...] INFO  o.e.m.c.i.e.AbstractTransferListenerAdapter - Downloaded https://repo.maven.apache.org/maven2/commons-cli/commons-cli/1.4/commons-cli-1.4-sources.jar
2021-05-28 11:10:46,239 [Worker-32: Searching...] INFO  o.e.m.c.i.e.AbstractTransferListenerAdapter - Downloading https://repo.maven.apache.org/maven2/org/apache/maven/maven-compat/3.6.3/maven-compat-3.6.3-sources.jar
2021-05-28 11:10:46,777 [Worker-32: Searching...] INFO  o.e.m.c.i.e.AbstractTransferListenerAdapter - Downloaded https://repo.maven.apache.org/maven2/org/apache/maven/maven-compat/3.6.3/maven-compat-3.6.3-sources.jar
2021-05-28 11:10:47,458 [Worker-32: Searching...] INFO  o.e.m.c.i.e.AbstractTransferListenerAdapter - Downloading https://repo.maven.apache.org/maven2/org/codehaus/plexus/plexus-interpolation/1.25/plexus-interpolation-1.25-sources.jar
2021-05-28 11:10:47,841 [Worker-32: Searching...] INFO  o.e.m.c.i.e.AbstractTransferListenerAdapter - Downloaded https://repo.maven.apache.org/maven2/org/codehaus/plexus/plexus-interpolation/1.25/plexus-interpolation-1.25-sources.jar
2021-05-28 11:10:48,460 [Worker-32: Searching...] INFO  o.e.m.c.i.e.AbstractTransferListenerAdapter - Downloading https://repo.maven.apache.org/maven2/org/apache/maven/wagon/wagon-provider-api/3.3.4/wagon-provider-api-3.3.4-sources.jar
2021-05-28 11:10:48,899 [Worker-32: Searching...] INFO  o.e.m.c.i.e.AbstractTransferListenerAdapter - Downloaded https://repo.maven.apache.org/maven2/org/apache/maven/wagon/wagon-provider-api/3.3.4/wagon-provider-api-3.3.4-sources.jar
2021-05-28 11:10:49,481 [Worker-32: Searching...] INFO  o.e.m.c.i.e.AbstractTransferListenerAdapter - Downloading https://repo.maven.apache.org/maven2/javax/enterprise/cdi-api/1.0/cdi-api-1.0-sources.jar
2021-05-28 11:10:49,829 [Worker-32: Searching...] INFO  o.e.m.c.i.e.AbstractTransferListenerAdapter - Downloaded https://repo.maven.apache.org/maven2/javax/enterprise/cdi-api/1.0/cdi-api-1.0-sources.jar
2021-05-28 11:10:50,511 [Worker-32: Searching...] INFO  o.e.m.c.i.e.AbstractTransferListenerAdapter - Downloading https://repo.maven.apache.org/maven2/io/takari/aether/aether-connector-okhttp/0.17.8/aether-connector-okhttp-0.17.8-sources.jar
2021-05-28 11:10:50,861 [Worker-32: Searching...] INFO  o.e.m.c.i.e.AbstractTransferListenerAdapter - Downloaded https://repo.maven.apache.org/maven2/io/takari/aether/aether-connector-okhttp/0.17.8/aether-connector-okhttp-0.17.8-sources.jar
2021-05-28 11:10:51,494 [Worker-32: Searching...] INFO  o.e.m.c.i.e.AbstractTransferListenerAdapter - Downloading https://repo.maven.apache.org/maven2/com/squareup/okhttp3/okhttp/3.14.1/okhttp-3.14.1-sources.jar
2021-05-28 11:10:52,168 [Worker-32: Searching...] INFO  o.e.m.c.i.e.AbstractTransferListenerAdapter - Downloaded https://repo.maven.apache.org/maven2/com/squareup/okhttp3/okhttp/3.14.1/okhttp-3.14.1-sources.jar
2021-05-28 11:10:52,830 [Worker-32: Searching...] INFO  o.e.m.c.i.e.AbstractTransferListenerAdapter - Downloading https://repo.maven.apache.org/maven2/com/squareup/okio/okio/1.17.3/okio-1.17.3-sources.jar
2021-05-28 11:10:53,184 [Worker-32: Searching...] INFO  o.e.m.c.i.e.AbstractTransferListenerAdapter - Downloaded https://repo.maven.apache.org/maven2/com/squareup/okio/okio/1.17.3/okio-1.17.3-sources.jar
2021-05-28 11:10:53,846 [Worker-32: Searching...] INFO  o.e.m.c.i.e.AbstractTransferListenerAdapter - Downloading https://repo.maven.apache.org/maven2/org/apache/maven/resolver/maven-resolver-impl/1.4.1/maven-resolver-impl-1.4.1-sources.jar
2021-05-28 11:10:54,333 [Worker-32: Searching...] INFO  o.e.m.c.i.e.AbstractTransferListenerAdapter - Downloaded https://repo.maven.apache.org/maven2/org/apache/maven/resolver/maven-resolver-impl/1.4.1/maven-resolver-impl-1.4.1-sources.jar
2021-05-28 11:10:55,037 [Worker-32: Searching...] INFO  o.e.m.c.i.e.AbstractTransferListenerAdapter - Downloading https://repo.maven.apache.org/maven2/org/apache/maven/resolver/maven-resolver-connector-basic/1.4.1/maven-resolver-connector-basic-1.4.1-sources.jar
2021-05-28 11:10:55,387 [Worker-32: Searching...] INFO  o.e.m.c.i.e.AbstractTransferListenerAdapter - Downloaded https://repo.maven.apache.org/maven2/org/apache/maven/resolver/maven-resolver-connector-basic/1.4.1/maven-resolver-connector-basic-1.4.1-sources.jar
2021-05-28 11:10:56,071 [Worker-32: Searching...] INFO  o.e.m.c.i.e.AbstractTransferListenerAdapter - Downloading https://repo.maven.apache.org/maven2/org/apache/maven/resolver/maven-resolver-transport-wagon/1.4.1/maven-resolver-transport-wagon-1.4.1-sources.jar
2021-05-28 11:10:56,437 [Worker-32: Searching...] INFO  o.e.m.c.i.e.AbstractTransferListenerAdapter - Downloaded https://repo.maven.apache.org/maven2/org/apache/maven/resolver/maven-resolver-transport-wagon/1.4.1/maven-resolver-transport-wagon-1.4.1-sources.jar
2021-05-28 11:10:57,098 [Worker-32: Searching...] INFO  o.e.m.c.i.e.AbstractTransferListenerAdapter - Downloading https://repo.maven.apache.org/maven2/org/apache/maven/wagon/wagon-file/3.3.4/wagon-file-3.3.4-sources.jar
2021-05-28 11:10:57,443 [Worker-32: Searching...] INFO  o.e.m.c.i.e.AbstractTransferListenerAdapter - Downloaded https://repo.maven.apache.org/maven2/org/apache/maven/wagon/wagon-file/3.3.4/wagon-file-3.3.4-sources.jar
2021-05-28 11:10:58,540 [Worker-32: Searching...] INFO  o.e.m.c.i.e.AbstractTransferListenerAdapter - Downloading https://repo.maven.apache.org/maven2/org/fusesource/hawtjni/hawtjni-runtime/1.16/hawtjni-runtime-1.16-sources.jar
2021-05-28 11:10:58,875 [Worker-32: Searching...] INFO  o.e.m.c.i.e.AbstractTransferListenerAdapter - Downloaded https://repo.maven.apache.org/maven2/org/fusesource/hawtjni/hawtjni-runtime/1.16/hawtjni-runtime-1.16-sources.jar
2021-05-28 11:10:59,537 [Worker-32: Searching...] INFO  o.e.m.c.i.e.AbstractTransferListenerAdapter - Downloading https://repo.maven.apache.org/maven2/org/fusesource/jansi/jansi-freebsd32/1.8/jansi-freebsd32-1.8-sources.jar
2021-05-28 11:10:59,908 [Worker-32: Searching...] INFO  o.e.m.c.i.e.AbstractTransferListenerAdapter - Downloaded https://repo.maven.apache.org/maven2/org/fusesource/jansi/jansi-freebsd32/1.8/jansi-freebsd32-1.8-sources.jar
2021-05-28 11:11:00,514 [Worker-32: Searching...] INFO  o.e.m.c.i.e.AbstractTransferListenerAdapter - Downloading https://repo.maven.apache.org/maven2/org/fusesource/jansi/jansi-freebsd64/1.8/jansi-freebsd64-1.8-sources.jar
2021-05-28 11:11:00,880 [Worker-32: Searching...] INFO  o.e.m.c.i.e.AbstractTransferListenerAdapter - Downloaded https://repo.maven.apache.org/maven2/org/fusesource/jansi/jansi-freebsd64/1.8/jansi-freebsd64-1.8-sources.jar
2021-05-28 11:11:01,546 [Worker-32: Searching...] INFO  o.e.m.c.i.e.AbstractTransferListenerAdapter - Downloading https://repo.maven.apache.org/maven2/org/fusesource/jansi/jansi-linux32/1.8/jansi-linux32-1.8-sources.jar
2021-05-28 11:11:01,907 [Worker-32: Searching...] INFO  o.e.m.c.i.e.AbstractTransferListenerAdapter - Downloaded https://repo.maven.apache.org/maven2/org/fusesource/jansi/jansi-linux32/1.8/jansi-linux32-1.8-sources.jar
2021-05-28 11:11:02,560 [Worker-32: Searching...] INFO  o.e.m.c.i.e.AbstractTransferListenerAdapter - Downloading https://repo.maven.apache.org/maven2/org/fusesource/jansi/jansi-linux64/1.8/jansi-linux64-1.8-sources.jar
2021-05-28 11:11:02,862 [Worker-32: Searching...] INFO  o.e.m.c.i.e.AbstractTransferListenerAdapter - Downloaded https://repo.maven.apache.org/maven2/org/fusesource/jansi/jansi-linux64/1.8/jansi-linux64-1.8-sources.jar
2021-05-28 11:11:03,524 [Worker-32: Searching...] INFO  o.e.m.c.i.e.AbstractTransferListenerAdapter - Downloading https://repo.maven.apache.org/maven2/org/fusesource/jansi/jansi-native/1.8/jansi-native-1.8-sources.jar
2021-05-28 11:11:03,881 [Worker-32: Searching...] INFO  o.e.m.c.i.e.AbstractTransferListenerAdapter - Downloaded https://repo.maven.apache.org/maven2/org/fusesource/jansi/jansi-native/1.8/jansi-native-1.8-sources.jar
2021-05-28 11:11:04,530 [Worker-32: Searching...] INFO  o.e.m.c.i.e.AbstractTransferListenerAdapter - Downloading https://repo.maven.apache.org/maven2/org/fusesource/jansi/jansi-osx/1.8/jansi-osx-1.8-sources.jar
2021-05-28 11:11:04,877 [Worker-32: Searching...] INFO  o.e.m.c.i.e.AbstractTransferListenerAdapter - Downloaded https://repo.maven.apache.org/maven2/org/fusesource/jansi/jansi-osx/1.8/jansi-osx-1.8-sources.jar
2021-05-28 11:11:05,548 [Worker-32: Searching...] INFO  o.e.m.c.i.e.AbstractTransferListenerAdapter - Downloading https://repo.maven.apache.org/maven2/org/fusesource/jansi/jansi-windows32/1.8/jansi-windows32-1.8-sources.jar
2021-05-28 11:11:05,907 [Worker-32: Searching...] INFO  o.e.m.c.i.e.AbstractTransferListenerAdapter - Downloaded https://repo.maven.apache.org/maven2/org/fusesource/jansi/jansi-windows32/1.8/jansi-windows32-1.8-sources.jar
2021-05-28 11:11:06,584 [Worker-32: Searching...] INFO  o.e.m.c.i.e.AbstractTransferListenerAdapter - Downloading https://repo.maven.apache.org/maven2/org/fusesource/jansi/jansi-windows64/1.8/jansi-windows64-1.8-sources.jar
2021-05-28 11:11:06,941 [Worker-32: Searching...] INFO  o.e.m.c.i.e.AbstractTransferListenerAdapter - Downloaded https://repo.maven.apache.org/maven2/org/fusesource/jansi/jansi-windows64/1.8/jansi-windows64-1.8-sources.jar
2021-05-28 11:11:07,612 [Worker-32: Searching...] INFO  o.e.m.c.i.e.AbstractTransferListenerAdapter - Downloading https://repo.maven.apache.org/maven2/org/fusesource/jansi/jansi/1.17.1/jansi-1.17.1-sources.jar
2021-05-28 11:11:07,959 [Worker-32: Searching...] INFO  o.e.m.c.i.e.AbstractTransferListenerAdapter - Downloaded https://repo.maven.apache.org/maven2/org/fusesource/jansi/jansi/1.17.1/jansi-1.17.1-sources.jar
2021-05-28 11:11:08,629 [Worker-32: Searching...] INFO  o.e.m.c.i.e.AbstractTransferListenerAdapter - Downloading https://repo.maven.apache.org/maven2/com/google/guava/guava/30.1-jre/guava-30.1-jre-sources.jar
2021-05-28 11:11:09,856 [Worker-32: Searching...] INFO  o.e.m.c.i.e.AbstractTransferListenerAdapter - Downloaded https://repo.maven.apache.org/maven2/com/google/guava/guava/30.1-jre/guava-30.1-jre-sources.jar
2021-05-28 11:11:10,509 [Worker-32: Searching...] INFO  o.e.m.c.i.e.AbstractTransferListenerAdapter - Downloading https://repo.maven.apache.org/maven2/com/google/guava/failureaccess/1.0.1/failureaccess-1.0.1-sources.jar
2021-05-28 11:11:10,837 [Worker-32: Searching...] INFO  o.e.m.c.i.e.AbstractTransferListenerAdapter - Downloaded https://repo.maven.apache.org/maven2/com/google/guava/failureaccess/1.0.1/failureaccess-1.0.1-sources.jar
2021-05-28 11:11:11,493 [Worker-32: Searching...] INFO  o.e.m.c.i.e.AbstractTransferListenerAdapter - Downloaded https://repo.maven.apache.org/maven2/com/google/guava/listenablefuture/9999.0-empty-to-avoid-conflict-with-guava/listenablefuture-9999.0-empty-to-avoid-conflict-with-guava-sources.jar
2021-05-28 11:11:12,164 [Worker-32: Searching...] INFO  o.e.m.c.i.e.AbstractTransferListenerAdapter - Downloading https://repo.maven.apache.org/maven2/com/google/code/findbugs/jsr305/3.0.2/jsr305-3.0.2-sources.jar
2021-05-28 11:11:12,507 [Worker-32: Searching...] INFO  o.e.m.c.i.e.AbstractTransferListenerAdapter - Downloaded https://repo.maven.apache.org/maven2/com/google/code/findbugs/jsr305/3.0.2/jsr305-3.0.2-sources.jar
2021-05-28 11:11:13,135 [Worker-32: Searching...] INFO  o.e.m.c.i.e.AbstractTransferListenerAdapter - Downloading https://repo.maven.apache.org/maven2/com/google/errorprone/error_prone_annotations/2.3.4/error_prone_annotations-2.3.4-sources.jar
2021-05-28 11:11:13,427 [Worker-32: Searching...] INFO  o.e.m.c.i.e.AbstractTransferListenerAdapter - Downloaded https://repo.maven.apache.org/maven2/com/google/errorprone/error_prone_annotations/2.3.4/error_prone_annotations-2.3.4-sources.jar
2021-05-28 11:11:14,082 [Worker-32: Searching...] INFO  o.e.m.c.i.e.AbstractTransferListenerAdapter - Downloading https://repo.maven.apache.org/maven2/com/google/j2objc/j2objc-annotations/1.3/j2objc-annotations-1.3-sources.jar
2021-05-28 11:11:14,442 [Worker-32: Searching...] INFO  o.e.m.c.i.e.AbstractTransferListenerAdapter - Downloaded https://repo.maven.apache.org/maven2/com/google/j2objc/j2objc-annotations/1.3/j2objc-annotations-1.3-sources.jar
2021-05-28 11:11:15,044 [Worker-32: Searching...] INFO  o.e.m.c.i.e.AbstractTransferListenerAdapter - Downloading https://repo.maven.apache.org/maven2/org/slf4j/slf4j-simple/1.7.5/slf4j-simple-1.7.5-sources.jar
2021-05-28 11:11:15,339 [Worker-32: Searching...] INFO  o.e.m.c.i.e.AbstractTransferListenerAdapter - Downloaded https://repo.maven.apache.org/maven2/org/slf4j/slf4j-simple/1.7.5/slf4j-simple-1.7.5-sources.jar
2021-05-28 11:11:35,240 [Worker-33: Building] INFO  o.e.m.c.i.embedder.EclipseLogger - Using 'UTF-8' encoding to copy filtered resources.
2021-05-28 11:11:35,241 [Worker-33: Building] INFO  o.e.m.c.i.embedder.EclipseLogger - Copying 0 resource
2021-05-28 11:11:35,242 [Worker-33: Building] INFO  o.e.m.c.i.embedder.EclipseLogger - Using 'UTF-8' encoding to copy filtered resources.
2021-05-28 11:11:35,244 [Worker-33: Building] INFO  o.e.m.c.i.embedder.EclipseLogger - Copying 3 resources
2021-05-28 11:12:44,471 [Worker-34: Building] INFO  o.e.m.c.i.embedder.EclipseLogger - Using 'UTF-8' encoding to copy filtered resources.
2021-05-28 11:12:44,472 [Worker-34: Building] INFO  o.e.m.c.i.embedder.EclipseLogger - Copying 0 resource
2021-05-28 11:12:44,474 [Worker-34: Building] INFO  o.e.m.c.i.embedder.EclipseLogger - Using 'UTF-8' encoding to copy filtered resources.
2021-05-28 11:12:44,474 [Worker-34: Building] INFO  o.e.m.c.i.embedder.EclipseLogger - Copying 0 resource
2021-05-28 11:13:06,050 [Worker-15: Building] INFO  o.e.m.c.i.embedder.EclipseLogger - Using 'UTF-8' encoding to copy filtered resources.
2021-05-28 11:13:06,051 [Worker-15: Building] INFO  o.e.m.c.i.embedder.EclipseLogger - Copying 2 resources
2021-05-28 11:13:06,054 [Worker-15: Building] INFO  o.e.m.c.i.embedder.EclipseLogger - Using 'UTF-8' encoding to copy filtered resources.
2021-05-28 11:13:06,055 [Worker-15: Building] INFO  o.e.m.c.i.embedder.EclipseLogger - Copying 3 resources
2021-05-28 11:13:06,215 [Worker-32: Building] INFO  o.e.m.c.i.embedder.EclipseLogger - Using 'UTF-8' encoding to copy filtered resources.
2021-05-28 11:13:06,217 [Worker-32: Building] INFO  o.e.m.c.i.embedder.EclipseLogger - Copying 2 resources
2021-05-28 11:13:06,219 [Worker-32: Building] INFO  o.e.m.c.i.embedder.EclipseLogger - Using 'UTF-8' encoding to copy filtered resources.
2021-05-28 11:13:06,219 [Worker-32: Building] INFO  o.e.m.c.i.embedder.EclipseLogger - Copying 0 resource
2021-05-28 11:13:43,949 [Worker-32: Building] INFO  o.e.m.c.i.embedder.EclipseLogger - Using 'UTF-8' encoding to copy filtered resources.
2021-05-28 11:13:43,949 [Worker-32: Building] INFO  o.e.m.c.i.embedder.EclipseLogger - Copying 0 resource
2021-05-28 11:13:43,950 [Worker-32: Building] INFO  o.e.m.c.i.embedder.EclipseLogger - Using 'UTF-8' encoding to copy filtered resources.
2021-05-28 11:13:43,951 [Worker-32: Building] INFO  o.e.m.c.i.embedder.EclipseLogger - Copying 3 resources
2021-05-28 11:14:54,379 [Worker-17: Building] INFO  o.e.m.c.i.embedder.EclipseLogger - Using 'UTF-8' encoding to copy filtered resources.
2021-05-28 11:14:54,380 [Worker-17: Building] INFO  o.e.m.c.i.embedder.EclipseLogger - Copying 0 resource
2021-05-28 11:14:54,381 [Worker-17: Building] INFO  o.e.m.c.i.embedder.EclipseLogger - Using 'UTF-8' encoding to copy filtered resources.
2021-05-28 11:14:54,382 [Worker-17: Building] INFO  o.e.m.c.i.embedder.EclipseLogger - Copying 3 resources
2021-05-28 11:15:02,527 [Worker-17: Building] INFO  o.e.m.c.i.embedder.EclipseLogger - Using 'UTF-8' encoding to copy filtered resources.
2021-05-28 11:15:02,528 [Worker-17: Building] INFO  o.e.m.c.i.embedder.EclipseLogger - Copying 0 resource
2021-05-28 11:15:02,529 [Worker-17: Building] INFO  o.e.m.c.i.embedder.EclipseLogger - Using 'UTF-8' encoding to copy filtered resources.
2021-05-28 11:15:02,529 [Worker-17: Building] INFO  o.e.m.c.i.embedder.EclipseLogger - Copying 3 resources
2021-05-28 11:17:28,328 [Worker-15: Building] INFO  o.e.m.c.i.embedder.EclipseLogger - Using 'UTF-8' encoding to copy filtered resources.
2021-05-28 11:17:28,329 [Worker-15: Building] INFO  o.e.m.c.i.embedder.EclipseLogger - Copying 2 resources
2021-05-28 11:17:28,330 [Worker-15: Building] INFO  o.e.m.c.i.embedder.EclipseLogger - Using 'UTF-8' encoding to copy filtered resources.
2021-05-28 11:17:28,331 [Worker-15: Building] INFO  o.e.m.c.i.embedder.EclipseLogger - Copying 0 resource
2021-05-28 11:17:50,119 [Worker-36: Building] INFO  o.e.m.c.i.embedder.EclipseLogger - Using 'UTF-8' encoding to copy filtered resources.
2021-05-28 11:17:50,119 [Worker-36: Building] INFO  o.e.m.c.i.embedder.EclipseLogger - Copying 2 resources
2021-05-28 11:17:50,121 [Worker-36: Building] INFO  o.e.m.c.i.embedder.EclipseLogger - Using 'UTF-8' encoding to copy filtered resources.
2021-05-28 11:17:50,121 [Worker-36: Building] INFO  o.e.m.c.i.embedder.EclipseLogger - Copying 0 resource
2021-05-28 11:18:43,217 [Worker-37: Building] INFO  o.e.m.c.i.embedder.EclipseLogger - Using 'UTF-8' encoding to copy filtered resources.
2021-05-28 11:18:43,217 [Worker-37: Building] INFO  o.e.m.c.i.embedder.EclipseLogger - Copying 0 resource
2021-05-28 11:18:43,219 [Worker-37: Building] INFO  o.e.m.c.i.embedder.EclipseLogger - Using 'UTF-8' encoding to copy filtered resources.
2021-05-28 11:18:43,220 [Worker-37: Building] INFO  o.e.m.c.i.embedder.EclipseLogger - Copying 3 resources
2021-05-28 11:18:54,012 [Worker-5: Building] INFO  o.e.m.c.i.embedder.EclipseLogger - Using 'UTF-8' encoding to copy filtered resources.
2021-05-28 11:18:54,013 [Worker-5: Building] INFO  o.e.m.c.i.embedder.EclipseLogger - Copying 0 resource
2021-05-28 11:18:54,015 [Worker-5: Building] INFO  o.e.m.c.i.embedder.EclipseLogger - Using 'UTF-8' encoding to copy filtered resources.
2021-05-28 11:18:54,016 [Worker-5: Building] INFO  o.e.m.c.i.embedder.EclipseLogger - Copying 3 resources
2021-05-28 11:20:00,458 [main] INFO  o.e.m2e.actions.ExecutePomAction - Using existing launch configuration
2021-05-28 11:20:00,540 [Worker-36: Launching teste (1)] INFO  o.e.m.i.launch.MavenLaunchDelegate - C:\Users\hello\ProjetoExemplo\teste
2021-05-28 11:20:00,541 [Worker-36: Launching teste (1)] INFO  o.e.m.i.launch.MavenLaunchDelegate -  mvn -B clean package install
2021-05-28 11:24:29,866 [Worker-41: Creating wildfly-javaee7-webapp-archetype] INFO  o.e.m.c.i.p.ProjectConfigurationManager - Collecting project info '/pom.xml' C:\Users\hello\ProjetoExemplo\teste2\pom.xml
2021-05-28 11:24:29,963 [Worker-41: Creating wildfly-javaee7-webapp-archetype] INFO  o.e.m.c.i.l.LifecycleMappingFactory - Using org.maven.ide.eclipse.wtp.WarLifecycleMapping lifecycle mapping for MavenProject: teste:teste2:0.0.1-SNAPSHOT @ C:\Users\hello\ProjetoExemplo\teste2\pom.xml.
2021-05-28 11:24:30,314 [Worker-41: Creating wildfly-javaee7-webapp-archetype] INFO  o.e.m.j.i.AbstractJavaProjectConfigurator - Adding source folder /teste2/src/main/java
2021-05-28 11:24:30,315 [Worker-41: Creating wildfly-javaee7-webapp-archetype] INFO  o.e.m.j.i.AbstractJavaProjectConfigurator - Adding resource folder /teste2/src/main/resources
2021-05-28 11:24:30,327 [Worker-41: Creating wildfly-javaee7-webapp-archetype] INFO  o.e.m.j.i.AbstractJavaProjectConfigurator - Adding source folder /teste2/src/test/java
2021-05-28 11:24:30,327 [Worker-41: Creating wildfly-javaee7-webapp-archetype] INFO  o.e.m.j.i.AbstractJavaProjectConfigurator - Adding resource folder /teste2/src/test/resources
2021-05-28 11:24:30,923 [Worker-41: Creating wildfly-javaee7-webapp-archetype] INFO  o.e.m.c.i.embedder.EclipseLogger - Using 'UTF-8' encoding to copy filtered resources.
2021-05-28 11:24:30,923 [Worker-41: Creating wildfly-javaee7-webapp-archetype] INFO  o.e.m.c.i.embedder.EclipseLogger - Copying 2 resources
2021-05-28 11:24:30,933 [Worker-41: Creating wildfly-javaee7-webapp-archetype] INFO  o.e.m.c.i.embedder.EclipseLogger - Using 'UTF-8' encoding to copy filtered resources.
2021-05-28 11:24:30,934 [Worker-41: Creating wildfly-javaee7-webapp-archetype] INFO  o.e.m.c.i.embedder.EclipseLogger - Copying 3 resources
2021-05-28 11:24:31,889 [Worker-41: Creating wildfly-javaee7-webapp-archetype] INFO  o.e.m.c.i.p.ProjectConfigurationManager - Imported and configured 1 project(s) in 2 sec
2021-05-28 11:24:37,721 [Worker-44: Building] INFO  o.e.m.c.i.embedder.EclipseLogger - Using 'UTF-8' encoding to copy filtered resources.
2021-05-28 11:24:37,721 [Worker-44: Building] INFO  o.e.m.c.i.embedder.EclipseLogger - Copying 0 resource
2021-05-28 11:24:37,722 [Worker-44: Building] INFO  o.e.m.c.i.embedder.EclipseLogger - Using 'UTF-8' encoding to copy filtered resources.
2021-05-28 11:24:37,724 [Worker-44: Building] INFO  o.e.m.c.i.embedder.EclipseLogger - Copying 3 resources
2021-05-28 11:24:37,897 [Worker-44: Building] INFO  o.e.m.c.i.embedder.EclipseLogger - Using 'UTF-8' encoding to copy filtered resources.
2021-05-28 11:24:37,897 [Worker-44: Building] INFO  o.e.m.c.i.embedder.EclipseLogger - Copying 0 resource
2021-05-28 11:24:37,899 [Worker-44: Building] INFO  o.e.m.c.i.embedder.EclipseLogger - Using 'UTF-8' encoding to copy filtered resources.
2021-05-28 11:24:37,900 [Worker-44: Building] INFO  o.e.m.c.i.embedder.EclipseLogger - Copying 0 resource
2021-05-28 11:40:10,160 [Worker-3: Loading available Gradle versions] INFO  o.e.b.c.i.u.g.PublishedGradleVersions - Gradle version information cache is up-to-date. Trying to read.
2021-05-28 11:40:17,958 [Worker-1: Building] INFO  o.e.m.c.i.embedder.EclipseLogger - Using 'UTF-8' encoding to copy filtered resources.
2021-05-28 11:40:17,974 [Worker-1: Building] INFO  o.e.m.c.i.embedder.EclipseLogger - Copying 2 resources
2021-05-28 11:40:17,992 [Worker-1: Building] INFO  o.e.m.c.i.embedder.EclipseLogger - Using 'UTF-8' encoding to copy filtered resources.
2021-05-28 11:40:17,994 [Worker-1: Building] INFO  o.e.m.c.i.embedder.EclipseLogger - Copying 3 resources
2021-05-28 11:40:30,886 [Worker-18: Building] INFO  o.e.m.c.i.embedder.EclipseLogger - Using 'UTF-8' encoding to copy filtered resources.
2021-05-28 11:40:30,899 [Worker-18: Building] INFO  o.e.m.c.i.embedder.EclipseLogger - Copying 2 resources
2021-05-28 11:40:30,903 [Worker-18: Building] INFO  o.e.m.c.i.embedder.EclipseLogger - Using 'UTF-8' encoding to copy filtered resources.
2021-05-28 11:40:30,905 [Worker-18: Building] INFO  o.e.m.c.i.embedder.EclipseLogger - Copying 3 resources
2021-05-28 11:47:50,029 [Worker-0: Loading available Gradle versions] INFO  o.e.b.c.i.u.g.PublishedGradleVersions - Gradle version information cache is up-to-date. Trying to read.
2021-05-28 11:48:50,934 [Worker-17: Creating wildfly-javaee7-webapp-archetype] INFO  o.e.m.c.i.p.ProjectConfigurationManager - Collecting project info '/pom.xml' C:\Users\hello\ProjetoExemplo\teste\pom.xml
2021-05-28 11:48:52,635 [Worker-17: Creating wildfly-javaee7-webapp-archetype] INFO  o.e.m.c.i.l.LifecycleMappingFactory - Using org.maven.ide.eclipse.wtp.WarLifecycleMapping lifecycle mapping for MavenProject: teste:teste:0.0.1-SNAPSHOT @ C:\Users\hello\ProjetoExemplo\teste\pom.xml.
2021-05-28 11:48:54,116 [Worker-17: Creating wildfly-javaee7-webapp-archetype] INFO  o.e.m.j.i.AbstractJavaProjectConfigurator - Adding source folder /teste/src/main/java
2021-05-28 11:48:54,117 [Worker-17: Creating wildfly-javaee7-webapp-archetype] INFO  o.e.m.j.i.AbstractJavaProjectConfigurator - Adding resource folder /teste/src/main/resources
2021-05-28 11:48:54,130 [Worker-17: Creating wildfly-javaee7-webapp-archetype] INFO  o.e.m.j.i.AbstractJavaProjectConfigurator - Adding source folder /teste/src/test/java
2021-05-28 11:48:54,131 [Worker-17: Creating wildfly-javaee7-webapp-archetype] INFO  o.e.m.j.i.AbstractJavaProjectConfigurator - Adding resource folder /teste/src/test/resources
2021-05-28 11:48:56,149 [Worker-17: Creating wildfly-javaee7-webapp-archetype] INFO  o.e.m.c.i.embedder.EclipseLogger - Using 'UTF-8' encoding to copy filtered resources.
2021-05-28 11:48:56,205 [Worker-17: Creating wildfly-javaee7-webapp-archetype] INFO  o.e.m.c.i.embedder.EclipseLogger - Copying 2 resources
2021-05-28 11:48:56,215 [Worker-17: Creating wildfly-javaee7-webapp-archetype] INFO  o.e.m.c.i.embedder.EclipseLogger - Using 'UTF-8' encoding to copy filtered resources.
2021-05-28 11:48:56,215 [Worker-17: Creating wildfly-javaee7-webapp-archetype] INFO  o.e.m.c.i.embedder.EclipseLogger - Copying 3 resources
2021-05-28 11:49:00,892 [Worker-17: Creating wildfly-javaee7-webapp-archetype] INFO  o.e.m.c.i.p.ProjectConfigurationManager - Imported and configured 1 project(s) in 9 sec
2021-05-28 11:49:05,462 [main] INFO  o.e.m2e.actions.ExecutePomAction - Using existing launch configuration
2021-05-28 11:49:11,274 [Worker-12: Building] INFO  o.e.m.c.i.embedder.EclipseLogger - Using 'UTF-8' encoding to copy filtered resources.
2021-05-28 11:49:11,277 [Worker-12: Building] INFO  o.e.m.c.i.embedder.EclipseLogger - Copying 0 resource
2021-05-28 11:49:11,279 [Worker-12: Building] INFO  o.e.m.c.i.embedder.EclipseLogger - Using 'UTF-8' encoding to copy filtered resources.
2021-05-28 11:49:11,279 [Worker-12: Building] INFO  o.e.m.c.i.embedder.EclipseLogger - Copying 0 resource
2021-05-28 11:49:11,929 [Worker-1: Launching teste (1)] INFO  o.e.m.i.launch.MavenLaunchDelegate - C:\Users\hello\ProjetoExemplo\teste
2021-05-28 11:49:11,932 [Worker-1: Launching teste (1)] INFO  o.e.m.i.launch.MavenLaunchDelegate -  mvn -B clean package install
2021-05-28 11:50:57,110 [Worker-14: Building] INFO  o.e.m.c.i.embedder.EclipseLogger - Using 'UTF-8' encoding to copy filtered resources.
2021-05-28 11:50:57,110 [Worker-14: Building] INFO  o.e.m.c.i.embedder.EclipseLogger - Copying 0 resource
2021-05-28 11:50:57,111 [Worker-14: Building] INFO  o.e.m.c.i.embedder.EclipseLogger - Using 'UTF-8' encoding to copy filtered resources.
2021-05-28 11:50:57,111 [Worker-14: Building] INFO  o.e.m.c.i.embedder.EclipseLogger - Copying 0 resource
2021-05-28 12:10:16,814 [Worker-25: Building] INFO  o.e.m.c.i.embedder.EclipseLogger - Using 'UTF-8' encoding to copy filtered resources.
2021-05-28 12:10:16,815 [Worker-25: Building] INFO  o.e.m.c.i.embedder.EclipseLogger - Copying 0 resource
2021-05-28 12:10:16,816 [Worker-25: Building] INFO  o.e.m.c.i.embedder.EclipseLogger - Using 'UTF-8' encoding to copy filtered resources.
2021-05-28 12:10:16,816 [Worker-25: Building] INFO  o.e.m.c.i.embedder.EclipseLogger - Copying 0 resource
2021-05-28 13:16:01,040 [Worker-43: Building] INFO  o.e.m.c.i.l.LifecycleMappingFactory - Using org.maven.ide.eclipse.wtp.WarLifecycleMapping lifecycle mapping for MavenProject: teste:teste:0.0.1-SNAPSHOT @ C:\Users\hello\ProjetoExemplo\teste\pom.xml.
2021-05-28 13:16:02,905 [Worker-43: Building] INFO  o.e.m.c.i.embedder.EclipseLogger - Using 'UTF-8' encoding to copy filtered resources.
2021-05-28 13:16:02,907 [Worker-43: Building] INFO  o.e.m.c.i.embedder.EclipseLogger - Copying 0 resource
2021-05-28 13:16:02,915 [Worker-43: Building] INFO  o.e.m.c.i.embedder.EclipseLogger - Using 'UTF-8' encoding to copy filtered resources.
2021-05-28 13:16:02,919 [Worker-43: Building] INFO  o.e.m.c.i.embedder.EclipseLogger - Copying 0 resource
2021-05-28 13:16:02,922 [Worker-43: Building] INFO  o.e.m.w.i.f.ResourceFilteringBuildParticipant - Changed resources require a complete clean of filtered resources of teste
2021-05-28 13:16:02,929 [Worker-43: Building] INFO  o.e.m.w.i.f.ResourceFilteringBuildParticipant - Executing resource filtering for teste
2021-05-28 13:16:02,942 [Worker-43: Building] WARN  o.e.m.c.i.embedder.EclipseLogger - The POM for org.wildfly.plugins:wildfly-maven-plugin:jar:1.0.2.Final is missing, no dependency information available
2021-05-28 13:16:02,959 [Worker-43: Building] WARN  o.e.m.c.i.embedder.EclipseLogger - Failed to retrieve plugin descriptor for org.wildfly.plugins:wildfly-maven-plugin:1.0.2.Final: Plugin org.wildfly.plugins:wildfly-maven-plugin:1.0.2.Final or one of its dependencies could not be resolved: Cannot access central (https://repo.maven.apache.org/maven2) in offline mode and the artifact org.wildfly.plugins:wildfly-maven-plugin:jar:1.0.2.Final has not been downloaded from it before.
2021-05-28 13:16:03,010 [Worker-43: Building] WARN  o.e.m.c.i.embedder.EclipseLogger - The POM for org.wildfly.plugins:wildfly-maven-plugin:jar:1.0.2.Final is missing, no dependency information available
2021-05-28 13:16:03,012 [Worker-43: Building] WARN  o.e.m.c.i.embedder.EclipseLogger - Failed to retrieve plugin descriptor for org.wildfly.plugins:wildfly-maven-plugin:1.0.2.Final: Plugin org.wildfly.plugins:wildfly-maven-plugin:1.0.2.Final or one of its dependencies could not be resolved: Cannot access central (https://repo.maven.apache.org/maven2) in offline mode and the artifact org.wildfly.plugins:wildfly-maven-plugin:jar:1.0.2.Final has not been downloaded from it before.
2021-05-28 13:16:03,020 [Worker-43: Building] INFO  o.e.m.c.i.embedder.EclipseLogger - Using 'UTF-8' encoding to copy filtered resources.
2021-05-28 13:16:04,854 [Worker-48: Building] INFO  o.e.m.c.i.l.LifecycleMappingFactory - Using org.maven.ide.eclipse.wtp.WarLifecycleMapping lifecycle mapping for MavenProject: teste:teste:0.0.1-SNAPSHOT @ C:\Users\hello\ProjetoExemplo\teste\pom.xml.
2021-05-28 13:16:07,126 [Worker-48: Building] INFO  o.e.m.c.i.embedder.EclipseLogger - Using 'UTF-8' encoding to copy filtered resources.
2021-05-28 13:16:07,131 [Worker-48: Building] INFO  o.e.m.c.i.embedder.EclipseLogger - Copying 0 resource
2021-05-28 13:16:07,138 [Worker-48: Building] INFO  o.e.m.c.i.embedder.EclipseLogger - Using 'UTF-8' encoding to copy filtered resources.
2021-05-28 13:16:07,138 [Worker-48: Building] INFO  o.e.m.c.i.embedder.EclipseLogger - Copying 0 resource
2021-05-28 13:16:07,139 [Worker-48: Building] INFO  o.e.m.w.i.f.ResourceFilteringBuildParticipant - Changed resources require a complete clean of filtered resources of teste
2021-05-28 13:16:07,139 [Worker-48: Building] INFO  o.e.m.w.i.f.ResourceFilteringBuildParticipant - Executing resource filtering for teste
2021-05-28 13:16:07,144 [Worker-48: Building] WARN  o.e.m.c.i.embedder.EclipseLogger - The POM for org.wildfly.plugins:wildfly-maven-plugin:jar:1.0.2.Final is missing, no dependency information available
2021-05-28 13:16:07,151 [Worker-48: Building] WARN  o.e.m.c.i.embedder.EclipseLogger - Failed to retrieve plugin descriptor for org.wildfly.plugins:wildfly-maven-plugin:1.0.2.Final: Plugin org.wildfly.plugins:wildfly-maven-plugin:1.0.2.Final or one of its dependencies could not be resolved: Cannot access central (https://repo.maven.apache.org/maven2) in offline mode and the artifact org.wildfly.plugins:wildfly-maven-plugin:jar:1.0.2.Final has not been downloaded from it before.
2021-05-28 13:16:07,153 [Worker-48: Building] WARN  o.e.m.c.i.embedder.EclipseLogger - The POM for org.wildfly.plugins:wildfly-maven-plugin:jar:1.0.2.Final is missing, no dependency information available
2021-05-28 13:16:07,155 [Worker-48: Building] WARN  o.e.m.c.i.embedder.EclipseLogger - Failed to retrieve plugin descriptor for org.wildfly.plugins:wildfly-maven-plugin:1.0.2.Final: Plugin org.wildfly.plugins:wildfly-maven-plugin:1.0.2.Final or one of its dependencies could not be resolved: Cannot access central (https://repo.maven.apache.org/maven2) in offline mode and the artifact org.wildfly.plugins:wildfly-maven-plugin:jar:1.0.2.Final has not been downloaded from it before.
2021-05-28 13:16:07,164 [Worker-48: Building] INFO  o.e.m.c.i.embedder.EclipseLogger - Using 'UTF-8' encoding to copy filtered resources.
2021-05-28 13:57:41,922 [main] INFO  o.e.m2e.actions.ExecutePomAction - Using existing launch configuration
2021-05-28 13:57:41,937 [Worker-77: Launching teste (1)] INFO  o.e.m.i.launch.MavenLaunchDelegate - C:\Users\hello\ProjetoExemplo\teste
2021-05-28 13:57:41,937 [Worker-77: Launching teste (1)] INFO  o.e.m.i.launch.MavenLaunchDelegate -  mvn -B clean package install
